[debug] > Exec(early(addDefaultCommands), None, None)
[debug] > Exec(addDefaultCommands, None, None)
[debug] > Exec(early(initialize), None, None)
[debug] > Exec(initialize, None, None)
[debug] > Exec(early(addPluginSbtFile="""C:\Users\ASUS\AppData\Local\Temp\idea.sbt"""), None, None)
[debug] > Exec(addPluginSbtFile="""C:\Users\ASUS\AppData\Local\Temp\idea.sbt""", None, None)
[debug] > Exec(boot, None, None)
[debug] > Exec(writeSbtVersion, None, None)
[debug] > Exec(reload, None, None)
[debug] > Exec(sbtStashOnFailure, None, None)
[debug] > Exec(onFailure loadFailed, None, None)
[debug] > Exec(loadp, None, None)
[info] welcome to sbt 1.9.1 (Oracle Corporation Java 11.0.17)
[debug]       Load.loadUnit: plugins took 103.2755ms
[debug]       Load.loadUnit: defsScala took 0.3188ms
[debug] [Loading] Scanning directory C:\Users\ASUS\.sbt\1.0\plugins
[debug] [Loading] Found non-root projects 
[debug] [Loading] Done in C:\Users\ASUS\.sbt\1.0\plugins, returning: ()
[debug] deducing auto plugins based on known facts Set(Atom(sbt.plugins.CorePlugin)) and clauses Clauses(Clause(Atom(sbt.plugins.JvmPlugin),Set(Atom(sbt.plugins.IvyPlugin)))
[debug] Clause(Atom(sbt.ScriptedPlugin),Set(Atom(sbt.plugins.JvmPlugin)))
[debug] Clause(Atom(sbt.plugins.SbtPlugin),Set(Atom(sbt.ScriptedPlugin)))
[debug] Clause(Atom(sbt.plugins.SemanticdbPlugin),Set(Atom(sbt.plugins.JvmPlugin)))
[debug] Clause(Atom(sbt.plugins.JUnitXmlReportPlugin),Set(Atom(sbt.plugins.JvmPlugin)))
[debug] Clause(Atom(sbt.plugins.MiniDependencyTreePlugin),Set(Atom(sbt.plugins.JvmPlugin)))
[debug] Clause(Atom(sbt.plugins.CorePlugin),Set(Atom(sbt.plugins.IvyPlugin)))
[debug] Clause(Atom(sbt.plugins.IvyPlugin),Set(Atom(sbt.plugins.JvmPlugin)))
[debug] Clause(Atom(sbt.plugins.JvmPlugin),Set(Atom(sbt.plugins.SemanticdbPlugin)))
[debug] Clause(Atom(sbt.plugins.JvmPlugin),Set(Atom(sbt.plugins.JUnitXmlReportPlugin)))
[debug] Clause(Atom(sbt.plugins.CorePlugin),Set(Atom(sbt.plugins.Giter8TemplatePlugin)))
[debug] Clause(Atom(sbt.plugins.JvmPlugin),Set(Atom(sbt.plugins.MiniDependencyTreePlugin))))
[debug]   :: deduced result: Matched(sbt.plugins.CorePlugin,sbt.plugins.Giter8TemplatePlugin,sbt.plugins.IvyPlugin,sbt.plugins.JvmPlugin,sbt.plugins.MiniDependencyTreePlugin,sbt.plugins.JUnitXmlReportPlugin,sbt.plugins.SemanticdbPlugin)
[debug] Plugins.deducer#function took 16.2736 ms
[debug]           Load.resolveProject(global-plugins) took 50.4097ms
[debug]         Load.loadTransitive: finalizeProject(Project(id global-plugins, base: C:\Users\ASUS\.sbt\1.0\plugins, plugins: List(<none>))) took 97.2633ms
[debug] [Loading] Done in C:\Users\ASUS\.sbt\1.0\plugins, returning: (global-plugins)
[debug]       Load.loadUnit: loadedProjectsRaw took 124.6183ms
[debug]       Load.loadUnit: cleanEvalClasses took 0.2782ms
[debug]     Load.loadUnit(file:/C:/Users/ASUS/.sbt/1.0/plugins/, ...) took 237.6494ms
[debug]   Load.apply: load took 417.852ms
[debug]   Load.apply: resolveProjects took 5.5745ms
[debug]   Load.apply: finalTransforms took 63.5063ms
[debug]   Load.apply: config.delegates took 7.0271ms
[debug]   Load.apply: Def.make(settings)... took 385.8705ms
[debug]   Load.apply: structureIndex took 90.9439ms
[debug]   Load.apply: mkStreams took 1.8069ms
[info] loading global plugins from C:\Users\ASUS\.sbt\1.0\plugins
[debug] Running task... Cancel: Signal, check cycles: false, forcegc: true
[debug] Load.defaultLoad until apply took 4272.0169ms
[debug]           Load.loadUnit: plugins took 30.7378ms
[debug]           Load.loadUnit: defsScala took 0.0026ms
[debug] [Loading] Scanning directory D:\00 Project\00 My Project\IdeaProjects\Scala_Amazon_ETL\project
[debug]             Load.loadUnit: mkEval took 7.9147ms
[debug] [Loading] Found non-root projects 
[debug] [Loading] Done in D:\00 Project\00 My Project\IdeaProjects\Scala_Amazon_ETL\project, returning: ()
[debug] deducing auto plugins based on known facts Set(Atom(sbt.plugins.CorePlugin)) and clauses Clauses(Clause(Atom(sbt.plugins.JvmPlugin),Set(Atom(sbt.plugins.IvyPlugin)))
[debug] Clause(Atom(sbt.ScriptedPlugin),Set(Atom(sbt.plugins.JvmPlugin)))
[debug] Clause(Atom(sbt.plugins.SbtPlugin),Set(Atom(sbt.ScriptedPlugin)))
[debug] Clause(Atom(sbt.plugins.SemanticdbPlugin),Set(Atom(sbt.plugins.JvmPlugin)))
[debug] Clause(Atom(sbt.plugins.JUnitXmlReportPlugin),Set(Atom(sbt.plugins.JvmPlugin)))
[debug] Clause(Atom(sbt.plugins.MiniDependencyTreePlugin),Set(Atom(sbt.plugins.JvmPlugin)))
[debug] Clause(Atom(sbt.plugins.CorePlugin),Set(Atom(sbt.plugins.IvyPlugin)))
[debug] Clause(Atom(sbt.plugins.IvyPlugin),Set(Atom(sbt.plugins.JvmPlugin)))
[debug] Clause(Atom(sbt.plugins.JvmPlugin),Set(Atom(sbt.plugins.SemanticdbPlugin)))
[debug] Clause(Atom(sbt.plugins.JvmPlugin),Set(Atom(sbt.plugins.JUnitXmlReportPlugin)))
[debug] Clause(Atom(sbt.plugins.CorePlugin),Set(Atom(sbt.plugins.Giter8TemplatePlugin)))
[debug] Clause(Atom(sbt.plugins.JvmPlugin),Set(Atom(sbt.plugins.MiniDependencyTreePlugin))))
[debug]   :: deduced result: Matched(sbt.plugins.CorePlugin,sbt.plugins.Giter8TemplatePlugin,sbt.plugins.IvyPlugin,sbt.plugins.JvmPlugin,sbt.plugins.MiniDependencyTreePlugin,sbt.plugins.JUnitXmlReportPlugin,sbt.plugins.SemanticdbPlugin)
[debug] Plugins.deducer#function took 2.0201 ms
[info] loading settings for project scala_amazon_etl-build from idea.sbt ...
[debug]               Load.resolveProject(scala_amazon_etl-build) took 12.8419ms
[debug]             Load.loadTransitive: finalizeProject(Project(id scala_amazon_etl-build, base: D:\00 Project\00 My Project\IdeaProjects\Scala_Amazon_ETL\project, plugins: List(<none>))) took 15.3808ms
[debug] [Loading] Done in D:\00 Project\00 My Project\IdeaProjects\Scala_Amazon_ETL\project, returning: (scala_amazon_etl-build)
[debug]           Load.loadUnit: loadedProjectsRaw took 2308.6205ms
[debug]           Load.loadUnit: cleanEvalClasses took 4.7987ms
[debug]         Load.loadUnit(file:/D:/00%20Project/00%20My%20Project/IdeaProjects/Scala_Amazon_ETL/project/, ...) took 2345.1179ms
[debug]       Load.apply: load took 2346.638ms
[debug]       Load.apply: resolveProjects took 0.1093ms
[debug]       Load.apply: finalTransforms took 11.8236ms
[debug]       Load.apply: config.delegates took 0.6393ms
[debug]       Load.apply: Def.make(settings)... took 78.8294ms
[debug]       Load.apply: structureIndex took 26.9778ms
[debug]       Load.apply: mkStreams took 0.0032ms
[info] loading project definition from D:\00 Project\00 My Project\IdeaProjects\Scala_Amazon_ETL\project
[debug] Running task... Cancel: Signal, check cycles: false, forcegc: true
[warn] Unrecognized repository Scala Plugin Bundled Repository, ignoring it
[warn] Unrecognized repository Scala Plugin Bundled Repository, ignoring it
[warn] Canceling execution...
[error] Cancelled: loadp
[error] Cancelled: loadp
[error] Use 'last' for the full log.
[debug] > Exec(loadFailed, None, None)
[warn] Project loading failed: (r)etry, (q)uit, (l)ast, or (i)gnore? (default: r)
