[debug] > Exec(;reload; set _root_.org.jetbrains.sbt.StructureKeys.sbtStructureOptions in Global := "download resolveClassifiers resolveSbtClassifiers" ;preferScala2;*/*:dumpStructureTo C:/Users/ASUS/AppData/Local/Temp/sbt-structure.xml; session clear-all ; set ideaPort in Global := 50093, None, None)
[debug] > Exec(reload, None, None)
[debug] > Exec(sbtStashOnFailure, None, None)
[debug] > Exec(onFailure loadFailed, None, None)
[debug] > Exec(loadp, None, None)
[info] welcome to sbt 1.9.1 (Oracle Corporation Java 11.0.17)
[debug]       Load.loadUnit: plugins took 28.9605ms
[debug]       Load.loadUnit: defsScala took 0.0044ms
[debug] [Loading] Scanning directory C:\Users\ASUS\.sbt\1.0\plugins
[debug] [Loading] Found non-root projects 
[debug] [Loading] Done in C:\Users\ASUS\.sbt\1.0\plugins, returning: ()
[debug] deducing auto plugins based on known facts Set(Atom(sbt.plugins.CorePlugin)) and clauses Clauses(Clause(Atom(sbt.plugins.JvmPlugin),Set(Atom(sbt.plugins.IvyPlugin)))
[debug] Clause(Atom(sbt.ScriptedPlugin),Set(Atom(sbt.plugins.JvmPlugin)))
[debug] Clause(Atom(sbt.plugins.SbtPlugin),Set(Atom(sbt.ScriptedPlugin)))
[debug] Clause(Atom(sbt.plugins.SemanticdbPlugin),Set(Atom(sbt.plugins.JvmPlugin)))
[debug] Clause(Atom(sbt.plugins.JUnitXmlReportPlugin),Set(Atom(sbt.plugins.JvmPlugin)))
[debug] Clause(Atom(sbt.plugins.MiniDependencyTreePlugin),Set(Atom(sbt.plugins.JvmPlugin)))
[debug] Clause(Atom(sbt.plugins.CorePlugin),Set(Atom(sbt.plugins.IvyPlugin)))
[debug] Clause(Atom(sbt.plugins.IvyPlugin),Set(Atom(sbt.plugins.JvmPlugin)))
[debug] Clause(Atom(sbt.plugins.JvmPlugin),Set(Atom(sbt.plugins.SemanticdbPlugin)))
[debug] Clause(Atom(sbt.plugins.JvmPlugin),Set(Atom(sbt.plugins.JUnitXmlReportPlugin)))
[debug] Clause(Atom(sbt.plugins.CorePlugin),Set(Atom(sbt.plugins.Giter8TemplatePlugin)))
[debug] Clause(Atom(sbt.plugins.JvmPlugin),Set(Atom(sbt.plugins.MiniDependencyTreePlugin))))
[debug]   :: deduced result: Matched(sbt.plugins.CorePlugin,sbt.plugins.Giter8TemplatePlugin,sbt.plugins.IvyPlugin,sbt.plugins.JvmPlugin,sbt.plugins.MiniDependencyTreePlugin,sbt.plugins.JUnitXmlReportPlugin,sbt.plugins.SemanticdbPlugin)
[debug] Plugins.deducer#function took 1.6614 ms
[debug]           Load.resolveProject(global-plugins) took 1.2222ms
[debug]         Load.loadTransitive: finalizeProject(Project(id global-plugins, base: C:\Users\ASUS\.sbt\1.0\plugins, plugins: List(<none>))) took 3.3931ms
[debug] [Loading] Done in C:\Users\ASUS\.sbt\1.0\plugins, returning: (global-plugins)
[debug]       Load.loadUnit: loadedProjectsRaw took 5.2246ms
[debug]       Load.loadUnit: cleanEvalClasses took 0.0097ms
[debug]     Load.loadUnit(file:/C:/Users/ASUS/.sbt/1.0/plugins/, ...) took 34.8388ms
[debug]   Load.apply: load took 36.0701ms
[debug]   Load.apply: resolveProjects took 0.0834ms
[debug]   Load.apply: finalTransforms took 5.1777ms
[debug]   Load.apply: config.delegates took 0.265ms
[debug]   Load.apply: Def.make(settings)... took 48.622ms
[debug]   Load.apply: structureIndex took 14.8765ms
[debug]   Load.apply: mkStreams took 0.0028ms
[info] loading global plugins from C:\Users\ASUS\.sbt\1.0\plugins
[debug] Running task... Cancel: Signal, check cycles: false, forcegc: true
[debug] Load.defaultLoad until apply took 393.5845ms
[debug]           Load.loadUnit: plugins took 22.3404ms
[debug]           Load.loadUnit: defsScala took 0.0027ms
[debug] [Loading] Scanning directory D:\00 Project\00 My Project\IdeaProjects\Scala_Amazon_ETL\project
[debug]             Load.loadUnit: mkEval took 0.2707ms
[debug] [Loading] Found non-root projects 
[debug] [Loading] Done in D:\00 Project\00 My Project\IdeaProjects\Scala_Amazon_ETL\project, returning: ()
[debug] deducing auto plugins based on known facts Set(Atom(sbt.plugins.CorePlugin)) and clauses Clauses(Clause(Atom(sbt.plugins.JvmPlugin),Set(Atom(sbt.plugins.IvyPlugin)))
[debug] Clause(Atom(sbt.ScriptedPlugin),Set(Atom(sbt.plugins.JvmPlugin)))
[debug] Clause(Atom(sbt.plugins.SbtPlugin),Set(Atom(sbt.ScriptedPlugin)))
[debug] Clause(Atom(sbt.plugins.SemanticdbPlugin),Set(Atom(sbt.plugins.JvmPlugin)))
[debug] Clause(Atom(sbt.plugins.JUnitXmlReportPlugin),Set(Atom(sbt.plugins.JvmPlugin)))
[debug] Clause(Atom(sbt.plugins.MiniDependencyTreePlugin),Set(Atom(sbt.plugins.JvmPlugin)))
[debug] Clause(Atom(sbt.plugins.CorePlugin),Set(Atom(sbt.plugins.IvyPlugin)))
[debug] Clause(Atom(sbt.plugins.IvyPlugin),Set(Atom(sbt.plugins.JvmPlugin)))
[debug] Clause(Atom(sbt.plugins.JvmPlugin),Set(Atom(sbt.plugins.SemanticdbPlugin)))
[debug] Clause(Atom(sbt.plugins.JvmPlugin),Set(Atom(sbt.plugins.JUnitXmlReportPlugin)))
[debug] Clause(Atom(sbt.plugins.CorePlugin),Set(Atom(sbt.plugins.Giter8TemplatePlugin)))
[debug] Clause(Atom(sbt.plugins.JvmPlugin),Set(Atom(sbt.plugins.MiniDependencyTreePlugin))))
[debug]   :: deduced result: Matched(sbt.plugins.CorePlugin,sbt.plugins.Giter8TemplatePlugin,sbt.plugins.IvyPlugin,sbt.plugins.JvmPlugin,sbt.plugins.MiniDependencyTreePlugin,sbt.plugins.JUnitXmlReportPlugin,sbt.plugins.SemanticdbPlugin)
[debug] Plugins.deducer#function took 1.2007 ms
[info] loading settings for project scala_amazon_etl-build from idea.sbt ...
[debug]               Load.resolveProject(scala_amazon_etl-build) took 1.307ms
[debug]             Load.loadTransitive: finalizeProject(Project(id scala_amazon_etl-build, base: D:\00 Project\00 My Project\IdeaProjects\Scala_Amazon_ETL\project, plugins: List(<none>))) took 2.8465ms
[debug] [Loading] Done in D:\00 Project\00 My Project\IdeaProjects\Scala_Amazon_ETL\project, returning: (scala_amazon_etl-build)
[debug]           Load.loadUnit: loadedProjectsRaw took 18.9993ms
[debug]           Load.loadUnit: cleanEvalClasses took 0.4837ms
[debug]         Load.loadUnit(file:/D:/00%20Project/00%20My%20Project/IdeaProjects/Scala_Amazon_ETL/project/, ...) took 42.259ms
[debug]       Load.apply: load took 43.0034ms
[debug]       Load.apply: resolveProjects took 0.0933ms
[debug]       Load.apply: finalTransforms took 4.9857ms
[debug]       Load.apply: config.delegates took 0.2604ms
[debug]       Load.apply: Def.make(settings)... took 42.8696ms
[debug]       Load.apply: structureIndex took 10.6495ms
[debug]       Load.apply: mkStreams took 0.0017ms
[info] loading project definition from D:\00 Project\00 My Project\IdeaProjects\Scala_Amazon_ETL\project
[debug] Running task... Cancel: Signal, check cycles: false, forcegc: true
[debug]     Load.loadUnit: plugins took 266.6834ms
[debug]     Load.loadUnit: defsScala took 0.0025ms
[debug] [Loading] Scanning directory D:\00 Project\00 My Project\IdeaProjects\Scala_Amazon_ETL
[debug]       Load.loadUnit: mkEval took 0.222ms
[debug] [Loading] Found root project root w/ remaining 
[debug] deducing auto plugins based on known facts Set(Atom(sbt.plugins.CorePlugin)) and clauses Clauses(Clause(Atom(sbt.plugins.JvmPlugin),Set(Atom(sbt.plugins.IvyPlugin)))
[debug] Clause(Atom(sbt.ScriptedPlugin),Set(Atom(sbt.plugins.JvmPlugin)))
[debug] Clause(Atom(sbt.plugins.SbtPlugin),Set(Atom(sbt.ScriptedPlugin)))
[debug] Clause(Atom(sbt.plugins.SemanticdbPlugin),Set(Atom(sbt.plugins.JvmPlugin)))
[debug] Clause(Atom(sbt.plugins.JUnitXmlReportPlugin),Set(Atom(sbt.plugins.JvmPlugin)))
[debug] Clause(Atom(sbt.plugins.MiniDependencyTreePlugin),Set(Atom(sbt.plugins.JvmPlugin)))
[debug] Clause(Atom(org.jetbrains.sbt.StructurePlugin),Set(Atom(sbt.plugins.JvmPlugin)))
[debug] Clause(Atom(org.jetbrains.sbt.IdeaShellPlugin),Set(Atom(sbt.plugins.JvmPlugin)))
[debug] Clause(Atom(org.jetbrains.sbt.indices.SbtIntellijIndicesPlugin),Set(Atom(sbt.plugins.JvmPlugin)))
[debug] Clause(Atom(sbt.plugins.CorePlugin),Set(Atom(sbt.plugins.IvyPlugin)))
[debug] Clause(Atom(sbt.plugins.IvyPlugin),Set(Atom(sbt.plugins.JvmPlugin)))
[debug] Clause(Atom(sbt.plugins.JvmPlugin),Set(Atom(sbt.plugins.SemanticdbPlugin)))
[debug] Clause(Atom(sbt.plugins.JvmPlugin),Set(Atom(sbt.plugins.JUnitXmlReportPlugin)))
[debug] Clause(Atom(sbt.plugins.CorePlugin),Set(Atom(sbt.plugins.Giter8TemplatePlugin)))
[debug] Clause(Atom(sbt.plugins.JvmPlugin),Set(Atom(sbt.plugins.MiniDependencyTreePlugin)))
[debug] Clause(Atom(sbt.plugins.JvmPlugin),Set(Atom(org.jetbrains.sbt.StructurePlugin)))
[debug] Clause(Atom(sbt.plugins.JvmPlugin),Set(Atom(org.jetbrains.sbt.IdeaShellPlugin)))
[debug] Clause(And(Set(Atom(sbt.plugins.CorePlugin), Atom(sbt.plugins.JvmPlugin))),Set(Atom(org.jetbrains.sbt.indices.SbtIntellijIndicesPlugin))))
[debug]   :: deduced result: Matched(sbt.plugins.CorePlugin,sbt.plugins.Giter8TemplatePlugin,sbt.plugins.IvyPlugin,sbt.plugins.JvmPlugin,sbt.plugins.SemanticdbPlugin,org.jetbrains.sbt.indices.SbtIntellijIndicesPlugin,sbt.plugins.JUnitXmlReportPlugin,org.jetbrains.sbt.IdeaShellPlugin,org.jetbrains.sbt.StructurePlugin,sbt.plugins.MiniDependencyTreePlugin)
[debug] Plugins.deducer#function took 1.5613 ms
[info] loading settings for project root from build.sbt ...
[debug]         Load.resolveProject(root) took 25.1805ms
[debug]       Load.loadTransitive: finalizeProject(Project(id root, base: D:\00 Project\00 My Project\IdeaProjects\Scala_Amazon_ETL, plugins: List(<none>))) took 27.1835ms
[debug] [Loading] Done in D:\00 Project\00 My Project\IdeaProjects\Scala_Amazon_ETL, returning: (root)
[debug]     Load.loadUnit: loadedProjectsRaw took 114.2664ms
[debug]     Load.loadUnit: cleanEvalClasses took 2.1591ms
[debug]   Load.loadUnit(file:/D:/00%20Project/00%20My%20Project/IdeaProjects/Scala_Amazon_ETL/, ...) took 383.666ms
[debug] Load.apply: load took 385.0427ms
[debug] Load.apply: resolveProjects took 0.1258ms
[debug] Load.apply: finalTransforms took 15.6138ms
[debug] Load.apply: config.delegates took 0.3822ms
[debug] Load.apply: Def.make(settings)... took 48.3969ms
[debug] Load.apply: structureIndex took 12.8474ms
[debug] Load.apply: mkStreams took 0.0019ms
[warn] Discarding 1 session setting.  Use 'session save' to persist session settings.
[info] set current project to Scala_Amazon_ETL (in build file:/D:/00%20Project/00%20My%20Project/IdeaProjects/Scala_Amazon_ETL/)
[debug] > Exec(sbtPopOnFailure, None, None)
[debug] > Exec(resumeFromFailure, None, None)
[debug] > Exec(set _root_.org.jetbrains.sbt.StructureKeys.sbtStructureOptions in Global := "download resolveClassifiers resolveSbtClassifiers", None, None)
[info] Defining Global / sbtStructureOptions
[info] The new value will be used by Global / ssOptions
[debug] Defining 
[debug] 	Global / sbtStructureOptions
[debug] 
[debug] The new value will be used by 
[debug] 	Global / ssOptions
[info] Reapplying settings...
[info] set current project to Scala_Amazon_ETL (in build file:/D:/00%20Project/00%20My%20Project/IdeaProjects/Scala_Amazon_ETL/)
[debug] > Exec(preferScala2, None, None)
[debug] > Exec(*/*:dumpStructureTo C:/Users/ASUS/AppData/Local/Temp/sbt-structure.xml, None, None)
[debug] Evaluating tasks: Global / dumpStructureTo
[warn] sbt 0.13 shell syntax is deprecated; use slash syntax instead: Global / dumpStructureTo
[debug] Running task... Cancel: Signal, check cycles: false, forcegc: true
[warn] Unrecognized repository Scala Plugin Bundled Repository, ignoring it
[warn] Unrecognized repository Scala Plugin Bundled Repository, ignoring it
[warn] Unrecognized repository Scala Plugin Bundled Repository, ignoring it
[info] Writing structure to C:\Users\ASUS\AppData\Local\Temp\sbt-structure.xml...
[info] Done.
[success] Total time: 102 s (01:42), completed Jun 29, 2023, 12:31:46 AM
[debug] > Exec(session clear-all, None, None)
[info] Reapplying settings...
[info] set current project to Scala_Amazon_ETL (in build file:/D:/00%20Project/00%20My%20Project/IdeaProjects/Scala_Amazon_ETL/)
[debug] > Exec(set ideaPort in Global := 50093, None, None)
[info] Defining Global / ideaPort
[info] The new value will be used by Compile / compile, Test / compile
[debug] Defining 
[debug] 	Global / ideaPort
[debug] 
[debug] The new value will be used by 
[debug] 	Compile / compile
[debug] 	Test / compile
[info] Reapplying settings...
[info] set current project to Scala_Amazon_ETL (in build file:/D:/00%20Project/00%20My%20Project/IdeaProjects/Scala_Amazon_ETL/)
[debug] > Exec(idea-shell, None, None)
[debug] > Exec(, None, None)
[debug] > Exec(idea-shell, None, None)
