[debug] > Exec(;reload; set _root_.org.jetbrains.sbt.StructureKeys.sbtStructureOptions in Global := "download resolveClassifiers resolveSbtClassifiers" ;preferScala2;*/*:dumpStructureTo C:/Users/ASUS/AppData/Local/Temp/sbt-structure.xml; session clear-all ; set ideaPort in Global := 53177, None, None)
[debug] > Exec(reload, None, None)
[debug] > Exec(sbtStashOnFailure, None, None)
[debug] > Exec(onFailure loadFailed, None, None)
[debug] > Exec(loadp, None, None)
[info] welcome to sbt 1.9.1 (Oracle Corporation Java 11.0.17)
[debug]       Load.loadUnit: plugins took 22.7625ms
[debug]       Load.loadUnit: defsScala took 0.0028ms
[debug] [Loading] Scanning directory C:\Users\ASUS\.sbt\1.0\plugins
[debug] [Loading] Found non-root projects 
[debug] [Loading] Done in C:\Users\ASUS\.sbt\1.0\plugins, returning: ()
[debug] deducing auto plugins based on known facts Set(Atom(sbt.plugins.CorePlugin)) and clauses Clauses(Clause(Atom(sbt.plugins.JvmPlugin),Set(Atom(sbt.plugins.IvyPlugin)))
[debug] Clause(Atom(sbt.ScriptedPlugin),Set(Atom(sbt.plugins.JvmPlugin)))
[debug] Clause(Atom(sbt.plugins.SbtPlugin),Set(Atom(sbt.ScriptedPlugin)))
[debug] Clause(Atom(sbt.plugins.SemanticdbPlugin),Set(Atom(sbt.plugins.JvmPlugin)))
[debug] Clause(Atom(sbt.plugins.JUnitXmlReportPlugin),Set(Atom(sbt.plugins.JvmPlugin)))
[debug] Clause(Atom(sbt.plugins.MiniDependencyTreePlugin),Set(Atom(sbt.plugins.JvmPlugin)))
[debug] Clause(Atom(sbt.plugins.CorePlugin),Set(Atom(sbt.plugins.IvyPlugin)))
[debug] Clause(Atom(sbt.plugins.IvyPlugin),Set(Atom(sbt.plugins.JvmPlugin)))
[debug] Clause(Atom(sbt.plugins.JvmPlugin),Set(Atom(sbt.plugins.SemanticdbPlugin)))
[debug] Clause(Atom(sbt.plugins.JvmPlugin),Set(Atom(sbt.plugins.JUnitXmlReportPlugin)))
[debug] Clause(Atom(sbt.plugins.CorePlugin),Set(Atom(sbt.plugins.Giter8TemplatePlugin)))
[debug] Clause(Atom(sbt.plugins.JvmPlugin),Set(Atom(sbt.plugins.MiniDependencyTreePlugin))))
[debug]   :: deduced result: Matched(sbt.plugins.CorePlugin,sbt.plugins.Giter8TemplatePlugin,sbt.plugins.IvyPlugin,sbt.plugins.JvmPlugin,sbt.plugins.MiniDependencyTreePlugin,sbt.plugins.JUnitXmlReportPlugin,sbt.plugins.SemanticdbPlugin)
[debug] Plugins.deducer#function took 1.2799 ms
[debug]           Load.resolveProject(global-plugins) took 0.9152ms
[debug]         Load.loadTransitive: finalizeProject(Project(id global-plugins, base: C:\Users\ASUS\.sbt\1.0\plugins, plugins: List(<none>))) took 2.571ms
[debug] [Loading] Done in C:\Users\ASUS\.sbt\1.0\plugins, returning: (global-plugins)
[debug]       Load.loadUnit: loadedProjectsRaw took 4.0568ms
[debug]       Load.loadUnit: cleanEvalClasses took 0.0105ms
[debug]     Load.loadUnit(file:/C:/Users/ASUS/.sbt/1.0/plugins/, ...) took 27.2718ms
[debug]   Load.apply: load took 28.4774ms
[debug]   Load.apply: resolveProjects took 0.0913ms
[debug]   Load.apply: finalTransforms took 7.0135ms
[debug]   Load.apply: config.delegates took 0.3016ms
[debug]   Load.apply: Def.make(settings)... took 41.3752ms
[debug]   Load.apply: structureIndex took 16.876ms
[debug]   Load.apply: mkStreams took 0.0024ms
[info] loading global plugins from C:\Users\ASUS\.sbt\1.0\plugins
[debug] Running task... Cancel: Signal, check cycles: false, forcegc: true
[debug] Load.defaultLoad until apply took 381.1339ms
[debug]           Load.loadUnit: plugins took 25.5012ms
[debug]           Load.loadUnit: defsScala took 0.0031ms
[debug] [Loading] Scanning directory D:\00 Project\00 My Project\IdeaProjects\Scala_Amazon_ETL\project
[debug]             Load.loadUnit: mkEval took 0.2145ms
[debug] [Loading] Found non-root projects 
[debug] [Loading] Done in D:\00 Project\00 My Project\IdeaProjects\Scala_Amazon_ETL\project, returning: ()
[debug] deducing auto plugins based on known facts Set(Atom(sbt.plugins.CorePlugin)) and clauses Clauses(Clause(Atom(sbt.plugins.JvmPlugin),Set(Atom(sbt.plugins.IvyPlugin)))
[debug] Clause(Atom(sbt.ScriptedPlugin),Set(Atom(sbt.plugins.JvmPlugin)))
[debug] Clause(Atom(sbt.plugins.SbtPlugin),Set(Atom(sbt.ScriptedPlugin)))
[debug] Clause(Atom(sbt.plugins.SemanticdbPlugin),Set(Atom(sbt.plugins.JvmPlugin)))
[debug] Clause(Atom(sbt.plugins.JUnitXmlReportPlugin),Set(Atom(sbt.plugins.JvmPlugin)))
[debug] Clause(Atom(sbt.plugins.MiniDependencyTreePlugin),Set(Atom(sbt.plugins.JvmPlugin)))
[debug] Clause(Atom(sbt.plugins.CorePlugin),Set(Atom(sbt.plugins.IvyPlugin)))
[debug] Clause(Atom(sbt.plugins.IvyPlugin),Set(Atom(sbt.plugins.JvmPlugin)))
[debug] Clause(Atom(sbt.plugins.JvmPlugin),Set(Atom(sbt.plugins.SemanticdbPlugin)))
[debug] Clause(Atom(sbt.plugins.JvmPlugin),Set(Atom(sbt.plugins.JUnitXmlReportPlugin)))
[debug] Clause(Atom(sbt.plugins.CorePlugin),Set(Atom(sbt.plugins.Giter8TemplatePlugin)))
[debug] Clause(Atom(sbt.plugins.JvmPlugin),Set(Atom(sbt.plugins.MiniDependencyTreePlugin))))
[debug]   :: deduced result: Matched(sbt.plugins.CorePlugin,sbt.plugins.Giter8TemplatePlugin,sbt.plugins.IvyPlugin,sbt.plugins.JvmPlugin,sbt.plugins.MiniDependencyTreePlugin,sbt.plugins.JUnitXmlReportPlugin,sbt.plugins.SemanticdbPlugin)
[debug] Plugins.deducer#function took 1.4769 ms
[info] loading settings for project scala_amazon_etl-build from idea.sbt ...
[debug]               Load.resolveProject(scala_amazon_etl-build) took 1.6951ms
[debug]             Load.loadTransitive: finalizeProject(Project(id scala_amazon_etl-build, base: D:\00 Project\00 My Project\IdeaProjects\Scala_Amazon_ETL\project, plugins: List(<none>))) took 3.582ms
[debug] [Loading] Done in D:\00 Project\00 My Project\IdeaProjects\Scala_Amazon_ETL\project, returning: (scala_amazon_etl-build)
[debug]           Load.loadUnit: loadedProjectsRaw took 21.2955ms
[debug]           Load.loadUnit: cleanEvalClasses took 0.5497ms
[debug]         Load.loadUnit(file:/D:/00%20Project/00%20My%20Project/IdeaProjects/Scala_Amazon_ETL/project/, ...) took 47.8462ms
[debug]       Load.apply: load took 48.8887ms
[debug]       Load.apply: resolveProjects took 0.0899ms
[debug]       Load.apply: finalTransforms took 7.5109ms
[debug]       Load.apply: config.delegates took 0.296ms
[debug]       Load.apply: Def.make(settings)... took 40.4437ms
[debug]       Load.apply: structureIndex took 17.1108ms
[debug]       Load.apply: mkStreams took 0.0039ms
[info] loading project definition from D:\00 Project\00 My Project\IdeaProjects\Scala_Amazon_ETL\project
[debug] Running task... Cancel: Signal, check cycles: false, forcegc: true
[debug]     Load.loadUnit: plugins took 302.7232ms
[debug]     Load.loadUnit: defsScala took 0.0037ms
[debug] [Loading] Scanning directory D:\00 Project\00 My Project\IdeaProjects\Scala_Amazon_ETL
[debug]       Load.loadUnit: mkEval took 0.2075ms
[debug] [Loading] Found root project root w/ remaining 
[debug] deducing auto plugins based on known facts Set(Atom(sbt.plugins.CorePlugin)) and clauses Clauses(Clause(Atom(sbt.plugins.JvmPlugin),Set(Atom(sbt.plugins.IvyPlugin)))
[debug] Clause(Atom(sbt.ScriptedPlugin),Set(Atom(sbt.plugins.JvmPlugin)))
[debug] Clause(Atom(sbt.plugins.SbtPlugin),Set(Atom(sbt.ScriptedPlugin)))
[debug] Clause(Atom(sbt.plugins.SemanticdbPlugin),Set(Atom(sbt.plugins.JvmPlugin)))
[debug] Clause(Atom(sbt.plugins.JUnitXmlReportPlugin),Set(Atom(sbt.plugins.JvmPlugin)))
[debug] Clause(Atom(sbt.plugins.MiniDependencyTreePlugin),Set(Atom(sbt.plugins.JvmPlugin)))
[debug] Clause(Atom(org.jetbrains.sbt.StructurePlugin),Set(Atom(sbt.plugins.JvmPlugin)))
[debug] Clause(Atom(org.jetbrains.sbt.IdeaShellPlugin),Set(Atom(sbt.plugins.JvmPlugin)))
[debug] Clause(Atom(org.jetbrains.sbt.indices.SbtIntellijIndicesPlugin),Set(Atom(sbt.plugins.JvmPlugin)))
[debug] Clause(Atom(sbt.plugins.CorePlugin),Set(Atom(sbt.plugins.IvyPlugin)))
[debug] Clause(Atom(sbt.plugins.IvyPlugin),Set(Atom(sbt.plugins.JvmPlugin)))
[debug] Clause(Atom(sbt.plugins.JvmPlugin),Set(Atom(sbt.plugins.SemanticdbPlugin)))
[debug] Clause(Atom(sbt.plugins.JvmPlugin),Set(Atom(sbt.plugins.JUnitXmlReportPlugin)))
[debug] Clause(Atom(sbt.plugins.CorePlugin),Set(Atom(sbt.plugins.Giter8TemplatePlugin)))
[debug] Clause(Atom(sbt.plugins.JvmPlugin),Set(Atom(sbt.plugins.MiniDependencyTreePlugin)))
[debug] Clause(Atom(sbt.plugins.JvmPlugin),Set(Atom(org.jetbrains.sbt.StructurePlugin)))
[debug] Clause(Atom(sbt.plugins.JvmPlugin),Set(Atom(org.jetbrains.sbt.IdeaShellPlugin)))
[debug] Clause(And(Set(Atom(sbt.plugins.CorePlugin), Atom(sbt.plugins.JvmPlugin))),Set(Atom(org.jetbrains.sbt.indices.SbtIntellijIndicesPlugin))))
[debug]   :: deduced result: Matched(sbt.plugins.CorePlugin,sbt.plugins.Giter8TemplatePlugin,sbt.plugins.IvyPlugin,sbt.plugins.JvmPlugin,sbt.plugins.SemanticdbPlugin,org.jetbrains.sbt.indices.SbtIntellijIndicesPlugin,sbt.plugins.JUnitXmlReportPlugin,org.jetbrains.sbt.IdeaShellPlugin,org.jetbrains.sbt.StructurePlugin,sbt.plugins.MiniDependencyTreePlugin)
[debug] Plugins.deducer#function took 1.5111 ms
[info] loading settings for project root from build.sbt ...
[debug]         Load.resolveProject(root) took 28.1033ms
[debug]       Load.loadTransitive: finalizeProject(Project(id root, base: D:\00 Project\00 My Project\IdeaProjects\Scala_Amazon_ETL, plugins: List(<none>))) took 30.0536ms
[debug] [Loading] Done in D:\00 Project\00 My Project\IdeaProjects\Scala_Amazon_ETL, returning: (root)
[debug]     Load.loadUnit: loadedProjectsRaw took 131.6452ms
[debug]     Load.loadUnit: cleanEvalClasses took 2.0729ms
[debug]   Load.loadUnit(file:/D:/00%20Project/00%20My%20Project/IdeaProjects/Scala_Amazon_ETL/, ...) took 436.9442ms
[debug] Load.apply: load took 438.0322ms
[debug] Load.apply: resolveProjects took 0.0846ms
[debug] Load.apply: finalTransforms took 14.0471ms
[debug] Load.apply: config.delegates took 0.242ms
[debug] Load.apply: Def.make(settings)... took 45.3547ms
[debug] Load.apply: structureIndex took 15.2267ms
[debug] Load.apply: mkStreams took 0.0023ms
[warn] Discarding 1 session setting.  Use 'session save' to persist session settings.
[info] set current project to Scala_Amazon_ETL (in build file:/D:/00%20Project/00%20My%20Project/IdeaProjects/Scala_Amazon_ETL/)
[debug] > Exec(sbtPopOnFailure, None, None)
[debug] > Exec(resumeFromFailure, None, None)
[debug] > Exec(set _root_.org.jetbrains.sbt.StructureKeys.sbtStructureOptions in Global := "download resolveClassifiers resolveSbtClassifiers", None, None)
[info] Defining Global / sbtStructureOptions
[info] The new value will be used by Global / ssOptions
[debug] Defining 
[debug] 	Global / sbtStructureOptions
[debug] 
[debug] The new value will be used by 
[debug] 	Global / ssOptions
[info] Reapplying settings...
[info] set current project to Scala_Amazon_ETL (in build file:/D:/00%20Project/00%20My%20Project/IdeaProjects/Scala_Amazon_ETL/)
[debug] > Exec(preferScala2, None, None)
[debug] > Exec(*/*:dumpStructureTo C:/Users/ASUS/AppData/Local/Temp/sbt-structure.xml, None, None)
[debug] Evaluating tasks: Global / dumpStructureTo
[warn] sbt 0.13 shell syntax is deprecated; use slash syntax instead: Global / dumpStructureTo
[debug] Running task... Cancel: Signal, check cycles: false, forcegc: true
[warn] Unrecognized repository Scala Plugin Bundled Repository, ignoring it
[warn] Unrecognized repository Scala Plugin Bundled Repository, ignoring it
[warn] Unrecognized repository Scala Plugin Bundled Repository, ignoring it
[info] Writing structure to C:\Users\ASUS\AppData\Local\Temp\sbt-structure.xml...
[info] Done.
[success] Total time: 5 s, completed Jun 28, 2023, 10:50:41 PM
[debug] > Exec(session clear-all, None, None)
[info] Reapplying settings...
[info] set current project to Scala_Amazon_ETL (in build file:/D:/00%20Project/00%20My%20Project/IdeaProjects/Scala_Amazon_ETL/)
[debug] > Exec(set ideaPort in Global := 53177, None, None)
[info] Defining Global / ideaPort
[info] The new value will be used by Compile / compile, Test / compile
[debug] Defining 
[debug] 	Global / ideaPort
[debug] 
[debug] The new value will be used by 
[debug] 	Compile / compile
[debug] 	Test / compile
[info] Reapplying settings...
[info] set current project to Scala_Amazon_ETL (in build file:/D:/00%20Project/00%20My%20Project/IdeaProjects/Scala_Amazon_ETL/)
[debug] > Exec(idea-shell, None, None)
[debug] > Exec(, None, None)
[debug] > Exec(idea-shell, None, None)
